{"/Users/parthvaishnani/Documents/Parth/Parth Projects/full-stack-demo/src/frontend/jest-testing/Greet.jsx": {"path":"/Users/parthvaishnani/Documents/Parth/Parth Projects/full-stack-demo/src/frontend/jest-testing/Greet.jsx","statementMap":{"0":{"start":{"line":3,"column":21},"end":{"line":11,"column":1}},"1":{"start":{"line":4,"column":25},"end":{"line":7,"column":3}},"2":{"start":{"line":5,"column":16},"end":{"line":5,"column":25}},"3":{"start":{"line":6,"column":4},"end":{"line":6,"column":16}},"4":{"start":{"line":8,"column":2},"end":{"line":10,"column":3}}},"fnMap":{"0":{"name":"(anonymous_0)","decl":{"start":{"line":3,"column":21},"end":{"line":3,"column":22}},"loc":{"start":{"line":3,"column":27},"end":{"line":11,"column":1}},"line":3},"1":{"name":"(anonymous_1)","decl":{"start":{"line":4,"column":25},"end":{"line":4,"column":26}},"loc":{"start":{"line":4,"column":31},"end":{"line":7,"column":3}},"line":4}},"branchMap":{},"s":{"0":1,"1":1,"2":0,"3":0,"4":1},"f":{"0":1,"1":0},"b":{},"_coverageSchema":"1a1c01bbd47fc00a2c39e90264f33305004495a9","hash":"2b5a9b3d438f49ccd6e2bd3fe8f7429ca4838c2f"}
,"/Users/parthvaishnani/Documents/Parth/Parth Projects/full-stack-demo/src/frontend/jest-testing/application-form/ApplicationForm.jsx": {"path":"/Users/parthvaishnani/Documents/Parth/Parth Projects/full-stack-demo/src/frontend/jest-testing/application-form/ApplicationForm.jsx","statementMap":{"0":{"start":{"line":1,"column":27},"end":{"line":46,"column":3}},"1":{"start":{"line":2,"column":4},"end":{"line":45,"column":5}}},"fnMap":{"0":{"name":"(anonymous_0)","decl":{"start":{"line":1,"column":27},"end":{"line":1,"column":28}},"loc":{"start":{"line":1,"column":33},"end":{"line":46,"column":3}},"line":1},"1":{"name":"(anonymous_1)","decl":{"start":{"line":18,"column":24},"end":{"line":18,"column":25}},"loc":{"start":{"line":18,"column":30},"end":{"line":18,"column":32}},"line":18}},"branchMap":{},"s":{"0":1,"1":1},"f":{"0":1,"1":0},"b":{},"_coverageSchema":"1a1c01bbd47fc00a2c39e90264f33305004495a9","hash":"10fcbbd393b0d572e9fe7e079751148ec4269481"}
,"/Users/parthvaishnani/Documents/Parth/Parth Projects/full-stack-demo/src/frontend/jest-testing/custom-hooks/CounterHooks.jsx": {"path":"/Users/parthvaishnani/Documents/Parth/Parth Projects/full-stack-demo/src/frontend/jest-testing/custom-hooks/CounterHooks.jsx","statementMap":{"0":{"start":{"line":3,"column":26},"end":{"line":8,"column":1}},"1":{"start":{"line":4,"column":28},"end":{"line":4,"column":50}},"2":{"start":{"line":5,"column":20},"end":{"line":5,"column":45}},"3":{"start":{"line":5,"column":26},"end":{"line":5,"column":45}},"4":{"start":{"line":6,"column":20},"end":{"line":6,"column":45}},"5":{"start":{"line":6,"column":26},"end":{"line":6,"column":45}},"6":{"start":{"line":7,"column":2},"end":{"line":7,"column":40}}},"fnMap":{"0":{"name":"(anonymous_0)","decl":{"start":{"line":3,"column":26},"end":{"line":3,"column":27}},"loc":{"start":{"line":3,"column":57},"end":{"line":8,"column":1}},"line":3},"1":{"name":"(anonymous_1)","decl":{"start":{"line":5,"column":20},"end":{"line":5,"column":21}},"loc":{"start":{"line":5,"column":26},"end":{"line":5,"column":45}},"line":5},"2":{"name":"(anonymous_2)","decl":{"start":{"line":6,"column":20},"end":{"line":6,"column":21}},"loc":{"start":{"line":6,"column":26},"end":{"line":6,"column":45}},"line":6}},"branchMap":{"0":{"loc":{"start":{"line":3,"column":27},"end":{"line":3,"column":52}},"type":"default-arg","locations":[{"start":{"line":3,"column":50},"end":{"line":3,"column":52}}],"line":3},"1":{"loc":{"start":{"line":3,"column":29},"end":{"line":3,"column":45}},"type":"default-arg","locations":[{"start":{"line":3,"column":44},"end":{"line":3,"column":45}}],"line":3}},"s":{"0":1,"1":6,"2":6,"3":1,"4":6,"5":1,"6":6},"f":{"0":6,"1":1,"2":1},"b":{"0":[5],"1":[5]},"_coverageSchema":"1a1c01bbd47fc00a2c39e90264f33305004495a9","hash":"3af21ad5adb6760deb6e87fd9e877d6c7060072d"}
,"/Users/parthvaishnani/Documents/Parth/Parth Projects/full-stack-demo/src/frontend/jest-testing/mock-functions/CounterTwo.jsx": {"path":"/Users/parthvaishnani/Documents/Parth/Parth Projects/full-stack-demo/src/frontend/jest-testing/mock-functions/CounterTwo.jsx","statementMap":{"0":{"start":{"line":1,"column":26},"end":{"line":14,"column":1}},"1":{"start":{"line":2,"column":2},"end":{"line":13,"column":3}}},"fnMap":{"0":{"name":"(anonymous_0)","decl":{"start":{"line":1,"column":26},"end":{"line":1,"column":27}},"loc":{"start":{"line":1,"column":37},"end":{"line":14,"column":1}},"line":1}},"branchMap":{"0":{"loc":{"start":{"line":6,"column":7},"end":{"line":8,"column":7}},"type":"binary-expr","locations":[{"start":{"line":6,"column":7},"end":{"line":6,"column":28}},{"start":{"line":7,"column":8},"end":{"line":7,"column":66}}],"line":6},"1":{"loc":{"start":{"line":9,"column":7},"end":{"line":11,"column":7}},"type":"binary-expr","locations":[{"start":{"line":9,"column":7},"end":{"line":9,"column":28}},{"start":{"line":10,"column":8},"end":{"line":10,"column":66}}],"line":9}},"s":{"0":1,"1":2},"f":{"0":2},"b":{"0":[2,1],"1":[2,1]},"_coverageSchema":"1a1c01bbd47fc00a2c39e90264f33305004495a9","hash":"87b6623ec907bc6710aabf2bb03e82b97c7bc5ab"}
,"/Users/parthvaishnani/Documents/Parth/Parth Projects/full-stack-demo/src/frontend/jest-testing/mock-server/Handlers.jsx": {"path":"/Users/parthvaishnani/Documents/Parth/Parth Projects/full-stack-demo/src/frontend/jest-testing/mock-server/Handlers.jsx","statementMap":{"0":{"start":{"line":3,"column":24},"end":{"line":20,"column":1}},"1":{"start":{"line":5,"column":4},"end":{"line":18,"column":5}}},"fnMap":{"0":{"name":"(anonymous_0)","decl":{"start":{"line":4,"column":57},"end":{"line":4,"column":58}},"loc":{"start":{"line":4,"column":76},"end":{"line":19,"column":3}},"line":4}},"branchMap":{},"s":{"0":1,"1":0},"f":{"0":0},"b":{},"_coverageSchema":"1a1c01bbd47fc00a2c39e90264f33305004495a9","hash":"d7c5ba5eabdbd98a4653aac4b60bef5ce09c11f8"}
,"/Users/parthvaishnani/Documents/Parth/Parth Projects/full-stack-demo/src/frontend/jest-testing/mock-server/server.jsx": {"path":"/Users/parthvaishnani/Documents/Parth/Parth Projects/full-stack-demo/src/frontend/jest-testing/mock-server/server.jsx","statementMap":{"0":{"start":{"line":6,"column":22},"end":{"line":6,"column":46}}},"fnMap":{},"branchMap":{},"s":{"0":1},"f":{},"b":{},"_coverageSchema":"1a1c01bbd47fc00a2c39e90264f33305004495a9","hash":"3bb150a157ba565d6cf259955aa41763f0799db0"}
,"/Users/parthvaishnani/Documents/Parth/Parth Projects/full-stack-demo/src/frontend/jest-testing/mock-user-api/Users.jsx": {"path":"/Users/parthvaishnani/Documents/Parth/Parth Projects/full-stack-demo/src/frontend/jest-testing/mock-user-api/Users.jsx","statementMap":{"0":{"start":{"line":3,"column":21},"end":{"line":23,"column":1}},"1":{"start":{"line":4,"column":28},"end":{"line":4,"column":40}},"2":{"start":{"line":5,"column":28},"end":{"line":5,"column":42}},"3":{"start":{"line":6,"column":2},"end":{"line":11,"column":8}},"4":{"start":{"line":7,"column":4},"end":{"line":10,"column":52}},"5":{"start":{"line":8,"column":21},"end":{"line":8,"column":31}},"6":{"start":{"line":9,"column":22},"end":{"line":9,"column":61}},"7":{"start":{"line":9,"column":50},"end":{"line":9,"column":59}},"8":{"start":{"line":10,"column":19},"end":{"line":10,"column":51}},"9":{"start":{"line":12,"column":2},"end":{"line":22,"column":3}},"10":{"start":{"line":18,"column":10},"end":{"line":18,"column":36}}},"fnMap":{"0":{"name":"(anonymous_0)","decl":{"start":{"line":3,"column":21},"end":{"line":3,"column":22}},"loc":{"start":{"line":3,"column":27},"end":{"line":23,"column":1}},"line":3},"1":{"name":"(anonymous_1)","decl":{"start":{"line":6,"column":12},"end":{"line":6,"column":13}},"loc":{"start":{"line":6,"column":18},"end":{"line":11,"column":3}},"line":6},"2":{"name":"(anonymous_2)","decl":{"start":{"line":8,"column":12},"end":{"line":8,"column":13}},"loc":{"start":{"line":8,"column":21},"end":{"line":8,"column":31}},"line":8},"3":{"name":"(anonymous_3)","decl":{"start":{"line":9,"column":12},"end":{"line":9,"column":13}},"loc":{"start":{"line":9,"column":22},"end":{"line":9,"column":61}},"line":9},"4":{"name":"(anonymous_4)","decl":{"start":{"line":9,"column":40},"end":{"line":9,"column":41}},"loc":{"start":{"line":9,"column":50},"end":{"line":9,"column":59}},"line":9},"5":{"name":"(anonymous_5)","decl":{"start":{"line":10,"column":13},"end":{"line":10,"column":14}},"loc":{"start":{"line":10,"column":19},"end":{"line":10,"column":51}},"line":10},"6":{"name":"(anonymous_6)","decl":{"start":{"line":17,"column":19},"end":{"line":17,"column":20}},"loc":{"start":{"line":18,"column":10},"end":{"line":18,"column":36}},"line":18}},"branchMap":{"0":{"loc":{"start":{"line":15,"column":7},"end":{"line":15,"column":30}},"type":"binary-expr","locations":[{"start":{"line":15,"column":7},"end":{"line":15,"column":12}},{"start":{"line":15,"column":16},"end":{"line":15,"column":30}}],"line":15}},"s":{"0":1,"1":5,"2":5,"3":5,"4":3,"5":3,"6":3,"7":30,"8":0,"9":5,"10":20},"f":{"0":5,"1":3,"2":3,"3":3,"4":30,"5":0,"6":20},"b":{"0":[5,0]},"_coverageSchema":"1a1c01bbd47fc00a2c39e90264f33305004495a9","hash":"c3a8ac75fc39c20cc92b8ed3f487190fcee9d91a"}
}
